AliyunListPlayer/build/intermediates/manifest_merge_blame_file/debug/manifest-merger-blame-debug-report.txt
1<?xml version="1.0" encoding="utf-8"?>
2<manifest xmlns:android="http://schemas.android.com/apk/res/android"
3    package="com.aliyun.player.aliyunlistplayer" >
4
5    <uses-sdk
6        android:minSdkVersion="14"
6-->src\main\AndroidManifest.xml
7        android:targetSdkVersion="29" />
7-->src\main\AndroidManifest.xml
8
9    <application>
9-->src\main\AndroidManifest.xml:6:5-13:19
10        <activity
10-->src\main\AndroidManifest.xml:7:9-11:66
11            android:name="com.aliyun.player.aliyunlistplayer.AliyunListPlayerActivity"
11-->src\main\AndroidManifest.xml:8:13-53
12            android:configChanges="orientation|keyboardHidden|screenSize"
12-->src\main\AndroidManifest.xml:9:13-74
13            android:screenOrientation="portrait"
13-->src\main\AndroidManifest.xml:10:13-49
14            android:theme="@style/Theme.AppCompat.NoActionBar" />
14-->src\main\AndroidManifest.xml:11:13-63
15    </application>
16
17</manifest>